{"C:\\Users\\luisn\\Desktop\\NodeJs\\cashtrackr\\backend\\src\\config\\nodemailer.ts": {"path":"C:\\Users\\luisn\\Desktop\\NodeJs\\cashtrackr\\backend\\src\\config\\nodemailer.ts","statementMap":{"0":{"start":{"line":1,"column":0},"end":{"line":1,"column":36}},"1":{"start":{"line":2,"column":0},"end":{"line":2,"column":28}},"2":{"start":{"line":3,"column":0},"end":{"line":3,"column":16}},"3":{"start":{"line":14,"column":15},"end":{"line":23,"column":1}},"4":{"start":{"line":15,"column":2},"end":{"line":22,"column":4}},"5":{"start":{"line":25,"column":13},"end":{"line":25,"column":62}}},"fnMap":{"0":{"name":"(anonymous_1)","decl":{"start":{"line":14,"column":15},"end":{"line":14,"column":35}},"loc":{"start":{"line":14,"column":37},"end":{"line":23,"column":1}}}},"branchMap":{},"s":{"0":1,"1":1,"2":1,"3":1,"4":1,"5":1},"f":{"0":1},"b":{}}
,"C:\\Users\\luisn\\Desktop\\NodeJs\\cashtrackr\\backend\\src\\controllers\\AuthController.ts": {"path":"C:\\Users\\luisn\\Desktop\\NodeJs\\cashtrackr\\backend\\src\\controllers\\AuthController.ts","statementMap":{"0":{"start":{"line":2,"column":0},"end":{"line":2,"column":34}},"1":{"start":{"line":3,"column":0},"end":{"line":3,"column":58}},"2":{"start":{"line":4,"column":0},"end":{"line":4,"column":46}},"3":{"start":{"line":5,"column":0},"end":{"line":5,"column":48}},"4":{"start":{"line":6,"column":0},"end":{"line":6,"column":42}},"5":{"start":{"line":9,"column":25},"end":{"line":42,"column":3}},"6":{"start":{"line":10,"column":32},"end":{"line":10,"column":40}},"7":{"start":{"line":12,"column":23},"end":{"line":12,"column":63}},"8":{"start":{"line":14,"column":4},"end":{"line":20,"column":5}},"9":{"start":{"line":15,"column":20},"end":{"line":15,"column":71}},"10":{"start":{"line":17,"column":6},"end":{"line":17,"column":53}},"11":{"start":{"line":19,"column":6},"end":{"line":19,"column":13}},"12":{"start":{"line":22,"column":4},"end":{"line":41,"column":5}},"13":{"start":{"line":23,"column":19},"end":{"line":23,"column":46}},"14":{"start":{"line":25,"column":6},"end":{"line":25,"column":50}},"15":{"start":{"line":27,"column":6},"end":{"line":27,"column":35}},"16":{"start":{"line":29,"column":6},"end":{"line":29,"column":24}},"17":{"start":{"line":31,"column":6},"end":{"line":35,"column":9}},"18":{"start":{"line":37,"column":6},"end":{"line":37,"column":58}},"19":{"start":{"line":39,"column":6},"end":{"line":39,"column":25}},"20":{"start":{"line":40,"column":6},"end":{"line":40,"column":55}},"21":{"start":{"line":44,"column":26},"end":{"line":64,"column":3}},"22":{"start":{"line":45,"column":22},"end":{"line":45,"column":30}},"23":{"start":{"line":47,"column":17},"end":{"line":47,"column":57}},"24":{"start":{"line":49,"column":4},"end":{"line":55,"column":5}},"25":{"start":{"line":50,"column":20},"end":{"line":50,"column":48}},"26":{"start":{"line":52,"column":6},"end":{"line":52,"column":53}},"27":{"start":{"line":54,"column":6},"end":{"line":54,"column":13}},"28":{"start":{"line":57,"column":4},"end":{"line":57,"column":26}},"29":{"start":{"line":59,"column":4},"end":{"line":59,"column":22}},"30":{"start":{"line":61,"column":4},"end":{"line":61,"column":22}},"31":{"start":{"line":63,"column":4},"end":{"line":63,"column":48}},"32":{"start":{"line":66,"column":17},"end":{"line":100,"column":3}},"33":{"start":{"line":67,"column":32},"end":{"line":67,"column":40}},"34":{"start":{"line":69,"column":17},"end":{"line":69,"column":57}},"35":{"start":{"line":71,"column":4},"end":{"line":77,"column":5}},"36":{"start":{"line":72,"column":20},"end":{"line":72,"column":54}},"37":{"start":{"line":74,"column":6},"end":{"line":74,"column":53}},"38":{"start":{"line":76,"column":6},"end":{"line":76,"column":13}},"39":{"start":{"line":79,"column":4},"end":{"line":85,"column":5}},"40":{"start":{"line":80,"column":20},"end":{"line":80,"column":64}},"41":{"start":{"line":82,"column":6},"end":{"line":82,"column":53}},"42":{"start":{"line":84,"column":6},"end":{"line":84,"column":13}},"43":{"start":{"line":87,"column":30},"end":{"line":87,"column":74}},"44":{"start":{"line":89,"column":4},"end":{"line":95,"column":5}},"45":{"start":{"line":90,"column":20},"end":{"line":90,"column":52}},"46":{"start":{"line":92,"column":6},"end":{"line":92,"column":53}},"47":{"start":{"line":94,"column":6},"end":{"line":94,"column":13}},"48":{"start":{"line":97,"column":18},"end":{"line":97,"column":38}},"49":{"start":{"line":99,"column":4},"end":{"line":99,"column":20}},"50":{"start":{"line":102,"column":26},"end":{"line":126,"column":3}},"51":{"start":{"line":103,"column":22},"end":{"line":103,"column":30}},"52":{"start":{"line":105,"column":17},"end":{"line":105,"column":57}},"53":{"start":{"line":107,"column":4},"end":{"line":113,"column":5}},"54":{"start":{"line":108,"column":20},"end":{"line":108,"column":54}},"55":{"start":{"line":110,"column":6},"end":{"line":110,"column":53}},"56":{"start":{"line":112,"column":6},"end":{"line":112,"column":13}},"57":{"start":{"line":115,"column":4},"end":{"line":115,"column":33}},"58":{"start":{"line":117,"column":4},"end":{"line":117,"column":22}},"59":{"start":{"line":119,"column":4},"end":{"line":123,"column":7}},"60":{"start":{"line":125,"column":4},"end":{"line":125,"column":51}},"61":{"start":{"line":128,"column":25},"end":{"line":142,"column":3}},"62":{"start":{"line":129,"column":22},"end":{"line":129,"column":30}},"63":{"start":{"line":131,"column":24},"end":{"line":131,"column":64}},"64":{"start":{"line":133,"column":4},"end":{"line":139,"column":5}},"65":{"start":{"line":134,"column":20},"end":{"line":134,"column":48}},"66":{"start":{"line":136,"column":6},"end":{"line":136,"column":53}},"67":{"start":{"line":138,"column":6},"end":{"line":138,"column":13}},"68":{"start":{"line":141,"column":4},"end":{"line":141,"column":20}},"69":{"start":{"line":144,"column":35},"end":{"line":166,"column":3}},"70":{"start":{"line":145,"column":22},"end":{"line":145,"column":32}},"71":{"start":{"line":147,"column":25},"end":{"line":147,"column":33}},"72":{"start":{"line":149,"column":17},"end":{"line":149,"column":57}},"73":{"start":{"line":151,"column":4},"end":{"line":157,"column":5}},"74":{"start":{"line":152,"column":20},"end":{"line":152,"column":48}},"75":{"start":{"line":154,"column":6},"end":{"line":154,"column":53}},"76":{"start":{"line":156,"column":6},"end":{"line":156,"column":13}},"77":{"start":{"line":159,"column":4},"end":{"line":159,"column":48}},"78":{"start":{"line":161,"column":4},"end":{"line":161,"column":22}},"79":{"start":{"line":163,"column":4},"end":{"line":163,"column":16}},"80":{"start":{"line":165,"column":4},"end":{"line":165,"column":54}},"81":{"start":{"line":168,"column":16},"end":{"line":170,"column":3}},"82":{"start":{"line":169,"column":4},"end":{"line":169,"column":23}},"83":{"start":{"line":172,"column":38},"end":{"line":197,"column":3}},"84":{"start":{"line":173,"column":43},"end":{"line":173,"column":51}},"85":{"start":{"line":175,"column":19},"end":{"line":175,"column":27}},"86":{"start":{"line":177,"column":17},"end":{"line":177,"column":40}},"87":{"start":{"line":179,"column":30},"end":{"line":181,"column":null}},"88":{"start":{"line":184,"column":4},"end":{"line":190,"column":5}},"89":{"start":{"line":185,"column":20},"end":{"line":185,"column":65}},"90":{"start":{"line":187,"column":6},"end":{"line":187,"column":53}},"91":{"start":{"line":189,"column":6},"end":{"line":189,"column":13}},"92":{"start":{"line":192,"column":4},"end":{"line":192,"column":48}},"93":{"start":{"line":194,"column":4},"end":{"line":194,"column":16}},"94":{"start":{"line":196,"column":4},"end":{"line":196,"column":54}},"95":{"start":{"line":199,"column":25},"end":{"line":217,"column":3}},"96":{"start":{"line":200,"column":25},"end":{"line":200,"column":33}},"97":{"start":{"line":202,"column":19},"end":{"line":202,"column":27}},"98":{"start":{"line":204,"column":17},"end":{"line":204,"column":40}},"99":{"start":{"line":206,"column":30},"end":{"line":206,"column":74}},"100":{"start":{"line":208,"column":4},"end":{"line":214,"column":5}},"101":{"start":{"line":209,"column":20},"end":{"line":209,"column":65}},"102":{"start":{"line":211,"column":6},"end":{"line":211,"column":53}},"103":{"start":{"line":213,"column":6},"end":{"line":213,"column":13}},"104":{"start":{"line":216,"column":4},"end":{"line":216,"column":34}},"105":{"start":{"line":8,"column":0},"end":{"line":8,"column":13}}},"fnMap":{"0":{"name":"(anonymous_1)","decl":{"start":{"line":9,"column":25},"end":{"line":9,"column":30}},"loc":{"start":{"line":9,"column":63},"end":{"line":42,"column":3}}},"1":{"name":"(anonymous_2)","decl":{"start":{"line":44,"column":26},"end":{"line":44,"column":31}},"loc":{"start":{"line":44,"column":64},"end":{"line":64,"column":3}}},"2":{"name":"(anonymous_3)","decl":{"start":{"line":66,"column":17},"end":{"line":66,"column":22}},"loc":{"start":{"line":66,"column":55},"end":{"line":100,"column":3}}},"3":{"name":"(anonymous_4)","decl":{"start":{"line":102,"column":26},"end":{"line":102,"column":31}},"loc":{"start":{"line":102,"column":64},"end":{"line":126,"column":3}}},"4":{"name":"(anonymous_5)","decl":{"start":{"line":128,"column":25},"end":{"line":128,"column":30}},"loc":{"start":{"line":128,"column":63},"end":{"line":142,"column":3}}},"5":{"name":"(anonymous_6)","decl":{"start":{"line":144,"column":35},"end":{"line":144,"column":40}},"loc":{"start":{"line":144,"column":73},"end":{"line":166,"column":3}}},"6":{"name":"(anonymous_7)","decl":{"start":{"line":168,"column":16},"end":{"line":168,"column":21}},"loc":{"start":{"line":168,"column":54},"end":{"line":170,"column":3}}},"7":{"name":"(anonymous_8)","decl":{"start":{"line":172,"column":38},"end":{"line":172,"column":43}},"loc":{"start":{"line":172,"column":76},"end":{"line":197,"column":3}}},"8":{"name":"(anonymous_9)","decl":{"start":{"line":199,"column":25},"end":{"line":199,"column":30}},"loc":{"start":{"line":199,"column":63},"end":{"line":217,"column":3}}}},"branchMap":{"0":{"loc":{"start":{"line":14,"column":4},"end":{"line":20,"column":5}},"type":"if","locations":[{"start":{"line":14,"column":4},"end":{"line":20,"column":5}}]},"1":{"loc":{"start":{"line":49,"column":4},"end":{"line":55,"column":5}},"type":"if","locations":[{"start":{"line":49,"column":4},"end":{"line":55,"column":5}}]},"2":{"loc":{"start":{"line":71,"column":4},"end":{"line":77,"column":5}},"type":"if","locations":[{"start":{"line":71,"column":4},"end":{"line":77,"column":5}}]},"3":{"loc":{"start":{"line":79,"column":4},"end":{"line":85,"column":5}},"type":"if","locations":[{"start":{"line":79,"column":4},"end":{"line":85,"column":5}}]},"4":{"loc":{"start":{"line":89,"column":4},"end":{"line":95,"column":5}},"type":"if","locations":[{"start":{"line":89,"column":4},"end":{"line":95,"column":5}}]},"5":{"loc":{"start":{"line":107,"column":4},"end":{"line":113,"column":5}},"type":"if","locations":[{"start":{"line":107,"column":4},"end":{"line":113,"column":5}}]},"6":{"loc":{"start":{"line":133,"column":4},"end":{"line":139,"column":5}},"type":"if","locations":[{"start":{"line":133,"column":4},"end":{"line":139,"column":5}}]},"7":{"loc":{"start":{"line":151,"column":4},"end":{"line":157,"column":5}},"type":"if","locations":[{"start":{"line":151,"column":4},"end":{"line":157,"column":5}}]},"8":{"loc":{"start":{"line":184,"column":4},"end":{"line":190,"column":5}},"type":"if","locations":[{"start":{"line":184,"column":4},"end":{"line":190,"column":5}}]},"9":{"loc":{"start":{"line":208,"column":4},"end":{"line":214,"column":5}},"type":"if","locations":[{"start":{"line":208,"column":4},"end":{"line":214,"column":5}}]}},"s":{"0":1,"1":1,"2":1,"3":1,"4":1,"5":1,"6":2,"7":2,"8":2,"9":1,"10":1,"11":1,"12":1,"13":1,"14":1,"15":1,"16":1,"17":1,"18":1,"19":0,"20":0,"21":1,"22":0,"23":0,"24":0,"25":0,"26":0,"27":0,"28":0,"29":0,"30":0,"31":0,"32":1,"33":4,"34":4,"35":4,"36":1,"37":1,"38":1,"39":3,"40":1,"41":1,"42":1,"43":2,"44":2,"45":1,"46":1,"47":1,"48":1,"49":1,"50":1,"51":0,"52":0,"53":0,"54":0,"55":0,"56":0,"57":0,"58":0,"59":0,"60":0,"61":1,"62":0,"63":0,"64":0,"65":0,"66":0,"67":0,"68":0,"69":1,"70":0,"71":0,"72":0,"73":0,"74":0,"75":0,"76":0,"77":0,"78":0,"79":0,"80":0,"81":1,"82":0,"83":1,"84":0,"85":0,"86":0,"87":0,"88":0,"89":0,"90":0,"91":0,"92":0,"93":0,"94":0,"95":1,"96":0,"97":0,"98":0,"99":0,"100":0,"101":0,"102":0,"103":0,"104":0,"105":1},"f":{"0":2,"1":0,"2":4,"3":0,"4":0,"5":0,"6":0,"7":0,"8":0},"b":{"0":[1],"1":[0],"2":[1],"3":[1],"4":[1],"5":[0],"6":[0],"7":[0],"8":[0],"9":[0]}}
,"C:\\Users\\luisn\\Desktop\\NodeJs\\cashtrackr\\backend\\src\\controllers\\BudgetController.ts": {"path":"C:\\Users\\luisn\\Desktop\\NodeJs\\cashtrackr\\backend\\src\\controllers\\BudgetController.ts","statementMap":{"0":{"start":{"line":2,"column":0},"end":{"line":2,"column":38}},"1":{"start":{"line":3,"column":0},"end":{"line":3,"column":40}},"2":{"start":{"line":6,"column":18},"end":{"line":18,"column":3}},"3":{"start":{"line":7,"column":4},"end":{"line":17,"column":5}},"4":{"start":{"line":8,"column":22},"end":{"line":11,"column":8}},"5":{"start":{"line":13,"column":6},"end":{"line":13,"column":24}},"6":{"start":{"line":16,"column":6},"end":{"line":16,"column":55}},"7":{"start":{"line":20,"column":18},"end":{"line":33,"column":3}},"8":{"start":{"line":21,"column":4},"end":{"line":32,"column":5}},"9":{"start":{"line":22,"column":21},"end":{"line":22,"column":50}},"10":{"start":{"line":24,"column":6},"end":{"line":24,"column":34}},"11":{"start":{"line":26,"column":6},"end":{"line":26,"column":26}},"12":{"start":{"line":28,"column":6},"end":{"line":28,"column":63}},"13":{"start":{"line":31,"column":6},"end":{"line":31,"column":55}},"14":{"start":{"line":35,"column":19},"end":{"line":41,"column":3}},"15":{"start":{"line":36,"column":19},"end":{"line":38,"column":6}},"16":{"start":{"line":40,"column":4},"end":{"line":40,"column":21}},"17":{"start":{"line":43,"column":22},"end":{"line":47,"column":3}},"18":{"start":{"line":44,"column":4},"end":{"line":44,"column":38}},"19":{"start":{"line":46,"column":4},"end":{"line":46,"column":54}},"20":{"start":{"line":49,"column":22},"end":{"line":53,"column":3}},"21":{"start":{"line":50,"column":4},"end":{"line":50,"column":31}},"22":{"start":{"line":52,"column":4},"end":{"line":52,"column":52}},"23":{"start":{"line":5,"column":0},"end":{"line":5,"column":13}}},"fnMap":{"0":{"name":"(anonymous_1)","decl":{"start":{"line":6,"column":18},"end":{"line":6,"column":23}},"loc":{"start":{"line":6,"column":56},"end":{"line":18,"column":3}}},"1":{"name":"(anonymous_2)","decl":{"start":{"line":20,"column":18},"end":{"line":20,"column":23}},"loc":{"start":{"line":20,"column":56},"end":{"line":33,"column":3}}},"2":{"name":"(anonymous_3)","decl":{"start":{"line":35,"column":19},"end":{"line":35,"column":24}},"loc":{"start":{"line":35,"column":57},"end":{"line":41,"column":3}}},"3":{"name":"(anonymous_4)","decl":{"start":{"line":43,"column":22},"end":{"line":43,"column":27}},"loc":{"start":{"line":43,"column":60},"end":{"line":47,"column":3}}},"4":{"name":"(anonymous_5)","decl":{"start":{"line":49,"column":22},"end":{"line":49,"column":27}},"loc":{"start":{"line":49,"column":60},"end":{"line":53,"column":3}}}},"branchMap":{},"s":{"0":1,"1":1,"2":1,"3":4,"4":4,"5":3,"6":1,"7":1,"8":2,"9":2,"10":1,"11":1,"12":1,"13":1,"14":1,"15":3,"16":3,"17":1,"18":1,"19":1,"20":1,"21":1,"22":1,"23":1},"f":{"0":4,"1":2,"2":3,"3":1,"4":1},"b":{}}
,"C:\\Users\\luisn\\Desktop\\NodeJs\\cashtrackr\\backend\\src\\controllers\\ExpenseController.ts": {"path":"C:\\Users\\luisn\\Desktop\\NodeJs\\cashtrackr\\backend\\src\\controllers\\ExpenseController.ts","statementMap":{"0":{"start":{"line":2,"column":0},"end":{"line":2,"column":40}},"1":{"start":{"line":5,"column":18},"end":{"line":5,"column":59}},"2":{"start":{"line":7,"column":18},"end":{"line":19,"column":3}},"3":{"start":{"line":8,"column":4},"end":{"line":18,"column":5}},"4":{"start":{"line":9,"column":22},"end":{"line":9,"column":52}},"5":{"start":{"line":11,"column":6},"end":{"line":11,"column":39}},"6":{"start":{"line":13,"column":6},"end":{"line":13,"column":27}},"7":{"start":{"line":15,"column":6},"end":{"line":15,"column":60}},"8":{"start":{"line":17,"column":6},"end":{"line":17,"column":55}},"9":{"start":{"line":21,"column":19},"end":{"line":23,"column":3}},"10":{"start":{"line":22,"column":4},"end":{"line":22,"column":26}},"11":{"start":{"line":25,"column":22},"end":{"line":29,"column":3}},"12":{"start":{"line":26,"column":4},"end":{"line":26,"column":39}},"13":{"start":{"line":28,"column":4},"end":{"line":28,"column":48}},"14":{"start":{"line":31,"column":22},"end":{"line":35,"column":3}},"15":{"start":{"line":32,"column":4},"end":{"line":32,"column":32}},"16":{"start":{"line":34,"column":4},"end":{"line":34,"column":46}},"17":{"start":{"line":4,"column":0},"end":{"line":4,"column":13}}},"fnMap":{"0":{"name":"(anonymous_1)","decl":{"start":{"line":5,"column":18},"end":{"line":5,"column":23}},"loc":{"start":{"line":5,"column":56},"end":{"line":5,"column":59}}},"1":{"name":"(anonymous_2)","decl":{"start":{"line":7,"column":18},"end":{"line":7,"column":23}},"loc":{"start":{"line":7,"column":56},"end":{"line":19,"column":3}}},"2":{"name":"(anonymous_3)","decl":{"start":{"line":21,"column":19},"end":{"line":21,"column":24}},"loc":{"start":{"line":21,"column":57},"end":{"line":23,"column":3}}},"3":{"name":"(anonymous_4)","decl":{"start":{"line":25,"column":22},"end":{"line":25,"column":27}},"loc":{"start":{"line":25,"column":60},"end":{"line":29,"column":3}}},"4":{"name":"(anonymous_5)","decl":{"start":{"line":31,"column":22},"end":{"line":31,"column":27}},"loc":{"start":{"line":31,"column":60},"end":{"line":35,"column":3}}}},"branchMap":{},"s":{"0":1,"1":1,"2":1,"3":2,"4":2,"5":1,"6":1,"7":1,"8":1,"9":1,"10":1,"11":1,"12":1,"13":1,"14":1,"15":1,"16":1,"17":1},"f":{"0":0,"1":2,"2":1,"3":1,"4":1},"b":{}}
,"C:\\Users\\luisn\\Desktop\\NodeJs\\cashtrackr\\backend\\src\\emails\\AuthEmail.ts": {"path":"C:\\Users\\luisn\\Desktop\\NodeJs\\cashtrackr\\backend\\src\\emails\\AuthEmail.ts","statementMap":{"0":{"start":{"line":1,"column":0},"end":{"line":1,"column":49}},"1":{"start":{"line":10,"column":33},"end":{"line":23,"column":3}},"2":{"start":{"line":11,"column":18},"end":{"line":21,"column":6}},"3":{"start":{"line":22,"column":4},"end":{"line":22,"column":52}},"4":{"start":{"line":25,"column":34},"end":{"line":38,"column":3}},"5":{"start":{"line":26,"column":18},"end":{"line":36,"column":6}},"6":{"start":{"line":37,"column":4},"end":{"line":37,"column":52}},"7":{"start":{"line":9,"column":0},"end":{"line":9,"column":13}}},"fnMap":{"0":{"name":"(anonymous_0)","decl":{"start":{"line":10,"column":33},"end":{"line":10,"column":38}},"loc":{"start":{"line":10,"column":59},"end":{"line":23,"column":3}}},"1":{"name":"(anonymous_1)","decl":{"start":{"line":25,"column":34},"end":{"line":25,"column":39}},"loc":{"start":{"line":25,"column":60},"end":{"line":38,"column":3}}}},"branchMap":{},"s":{"0":1,"1":1,"2":0,"3":0,"4":1,"5":0,"6":0,"7":1},"f":{"0":0,"1":0},"b":{}}
,"C:\\Users\\luisn\\Desktop\\NodeJs\\cashtrackr\\backend\\src\\middleware\\budget.ts": {"path":"C:\\Users\\luisn\\Desktop\\NodeJs\\cashtrackr\\backend\\src\\middleware\\budget.ts","statementMap":{"0":{"start":{"line":84,"column":0},"end":{"line":84,"column":16}},"1":{"start":{"line":2,"column":0},"end":{"line":2,"column":66}},"2":{"start":{"line":4,"column":0},"end":{"line":4,"column":38}},"3":{"start":{"line":14,"column":32},"end":{"line":34,"column":1}},"4":{"start":{"line":19,"column":2},"end":{"line":24,"column":14}},"5":{"start":{"line":22,"column":23},"end":{"line":22,"column":32}},"6":{"start":{"line":26,"column":15},"end":{"line":26,"column":36}},"7":{"start":{"line":28,"column":2},"end":{"line":32,"column":3}},"8":{"start":{"line":29,"column":4},"end":{"line":29,"column":53}},"9":{"start":{"line":31,"column":4},"end":{"line":31,"column":11}},"10":{"start":{"line":33,"column":2},"end":{"line":33,"column":9}},"11":{"start":{"line":14,"column":13},"end":{"line":14,"column":32}},"12":{"start":{"line":36,"column":35},"end":{"line":60,"column":1}},"13":{"start":{"line":41,"column":23},"end":{"line":41,"column":33}},"14":{"start":{"line":42,"column":2},"end":{"line":59,"column":3}},"15":{"start":{"line":43,"column":19},"end":{"line":43,"column":50}},"16":{"start":{"line":45,"column":4},"end":{"line":51,"column":5}},"17":{"start":{"line":46,"column":20},"end":{"line":46,"column":58}},"18":{"start":{"line":48,"column":6},"end":{"line":48,"column":53}},"19":{"start":{"line":50,"column":6},"end":{"line":50,"column":13}},"20":{"start":{"line":53,"column":4},"end":{"line":53,"column":24}},"21":{"start":{"line":55,"column":4},"end":{"line":55,"column":11}},"22":{"start":{"line":58,"column":4},"end":{"line":58,"column":53}},"23":{"start":{"line":36,"column":13},"end":{"line":36,"column":35}},"24":{"start":{"line":62,"column":35},"end":{"line":82,"column":1}},"25":{"start":{"line":67,"column":2},"end":{"line":70,"column":14}},"26":{"start":{"line":72,"column":2},"end":{"line":79,"column":14}},"27":{"start":{"line":77,"column":23},"end":{"line":77,"column":32}},"28":{"start":{"line":81,"column":2},"end":{"line":81,"column":9}},"29":{"start":{"line":62,"column":13},"end":{"line":62,"column":35}},"30":{"start":{"line":85,"column":2},"end":{"line":91,"column":3}},"31":{"start":{"line":86,"column":18},"end":{"line":86,"column":47}},"32":{"start":{"line":88,"column":4},"end":{"line":88,"column":51}},"33":{"start":{"line":90,"column":4},"end":{"line":90,"column":11}},"34":{"start":{"line":93,"column":2},"end":{"line":93,"column":9}}},"fnMap":{"0":{"name":"(anonymous_1)","decl":{"start":{"line":14,"column":32},"end":{"line":14,"column":37}},"loc":{"start":{"line":18,"column":4},"end":{"line":34,"column":1}}},"1":{"name":"(anonymous_2)","decl":{"start":{"line":22,"column":12},"end":{"line":22,"column":13}},"loc":{"start":{"line":22,"column":23},"end":{"line":22,"column":32}}},"2":{"name":"(anonymous_3)","decl":{"start":{"line":36,"column":35},"end":{"line":36,"column":40}},"loc":{"start":{"line":40,"column":4},"end":{"line":60,"column":1}}},"3":{"name":"(anonymous_4)","decl":{"start":{"line":62,"column":35},"end":{"line":62,"column":40}},"loc":{"start":{"line":66,"column":4},"end":{"line":82,"column":1}}},"4":{"name":"(anonymous_5)","decl":{"start":{"line":77,"column":12},"end":{"line":77,"column":13}},"loc":{"start":{"line":77,"column":23},"end":{"line":77,"column":32}}},"5":{"name":"hasAccess","decl":{"start":{"line":84,"column":16},"end":{"line":84,"column":25}},"loc":{"start":{"line":84,"column":73},"end":{"line":94,"column":1}}}},"branchMap":{"0":{"loc":{"start":{"line":28,"column":2},"end":{"line":32,"column":3}},"type":"if","locations":[{"start":{"line":28,"column":2},"end":{"line":32,"column":3}}]},"1":{"loc":{"start":{"line":45,"column":4},"end":{"line":51,"column":5}},"type":"if","locations":[{"start":{"line":45,"column":4},"end":{"line":51,"column":5}}]},"2":{"loc":{"start":{"line":85,"column":2},"end":{"line":91,"column":3}},"type":"if","locations":[{"start":{"line":85,"column":2},"end":{"line":91,"column":3}}]}},"s":{"0":2,"1":2,"2":2,"3":2,"4":0,"5":0,"6":0,"7":0,"8":0,"9":0,"10":0,"11":2,"12":2,"13":3,"14":3,"15":3,"16":2,"17":1,"18":1,"19":1,"20":1,"21":1,"22":1,"23":2,"24":2,"25":0,"26":0,"27":0,"28":0,"29":2,"30":3,"31":2,"32":2,"33":2,"34":1},"f":{"0":0,"1":0,"2":3,"3":0,"4":0,"5":3},"b":{"0":[0],"1":[1],"2":[2]}}
,"C:\\Users\\luisn\\Desktop\\NodeJs\\cashtrackr\\backend\\src\\middleware\\expense.ts": {"path":"C:\\Users\\luisn\\Desktop\\NodeJs\\cashtrackr\\backend\\src\\middleware\\expense.ts","statementMap":{"0":{"start":{"line":2,"column":0},"end":{"line":2,"column":66}},"1":{"start":{"line":3,"column":0},"end":{"line":3,"column":40}},"2":{"start":{"line":13,"column":36},"end":{"line":33,"column":1}},"3":{"start":{"line":18,"column":2},"end":{"line":21,"column":14}},"4":{"start":{"line":23,"column":2},"end":{"line":30,"column":14}},"5":{"start":{"line":28,"column":23},"end":{"line":28,"column":32}},"6":{"start":{"line":32,"column":2},"end":{"line":32,"column":9}},"7":{"start":{"line":13,"column":13},"end":{"line":13,"column":36}},"8":{"start":{"line":35,"column":33},"end":{"line":54,"column":1}},"9":{"start":{"line":40,"column":2},"end":{"line":44,"column":14}},"10":{"start":{"line":42,"column":23},"end":{"line":42,"column":32}},"11":{"start":{"line":46,"column":15},"end":{"line":46,"column":36}},"12":{"start":{"line":48,"column":2},"end":{"line":52,"column":3}},"13":{"start":{"line":49,"column":4},"end":{"line":49,"column":53}},"14":{"start":{"line":51,"column":4},"end":{"line":51,"column":11}},"15":{"start":{"line":53,"column":2},"end":{"line":53,"column":9}},"16":{"start":{"line":35,"column":13},"end":{"line":35,"column":33}},"17":{"start":{"line":56,"column":36},"end":{"line":80,"column":1}},"18":{"start":{"line":61,"column":24},"end":{"line":61,"column":34}},"19":{"start":{"line":62,"column":2},"end":{"line":79,"column":3}},"20":{"start":{"line":63,"column":20},"end":{"line":63,"column":53}},"21":{"start":{"line":65,"column":4},"end":{"line":71,"column":5}},"22":{"start":{"line":66,"column":20},"end":{"line":66,"column":52}},"23":{"start":{"line":68,"column":6},"end":{"line":68,"column":53}},"24":{"start":{"line":70,"column":6},"end":{"line":70,"column":13}},"25":{"start":{"line":73,"column":4},"end":{"line":73,"column":26}},"26":{"start":{"line":75,"column":4},"end":{"line":75,"column":11}},"27":{"start":{"line":78,"column":4},"end":{"line":78,"column":53}},"28":{"start":{"line":56,"column":13},"end":{"line":56,"column":36}}},"fnMap":{"0":{"name":"(anonymous_1)","decl":{"start":{"line":13,"column":36},"end":{"line":13,"column":41}},"loc":{"start":{"line":17,"column":4},"end":{"line":33,"column":1}}},"1":{"name":"(anonymous_2)","decl":{"start":{"line":28,"column":12},"end":{"line":28,"column":13}},"loc":{"start":{"line":28,"column":23},"end":{"line":28,"column":32}}},"2":{"name":"(anonymous_3)","decl":{"start":{"line":35,"column":33},"end":{"line":35,"column":38}},"loc":{"start":{"line":39,"column":4},"end":{"line":54,"column":1}}},"3":{"name":"(anonymous_4)","decl":{"start":{"line":42,"column":12},"end":{"line":42,"column":13}},"loc":{"start":{"line":42,"column":23},"end":{"line":42,"column":32}}},"4":{"name":"(anonymous_5)","decl":{"start":{"line":56,"column":36},"end":{"line":56,"column":41}},"loc":{"start":{"line":60,"column":4},"end":{"line":80,"column":1}}}},"branchMap":{"0":{"loc":{"start":{"line":48,"column":2},"end":{"line":52,"column":3}},"type":"if","locations":[{"start":{"line":48,"column":2},"end":{"line":52,"column":3}}]},"1":{"loc":{"start":{"line":65,"column":4},"end":{"line":71,"column":5}},"type":"if","locations":[{"start":{"line":65,"column":4},"end":{"line":71,"column":5}}]}},"s":{"0":1,"1":1,"2":1,"3":0,"4":0,"5":0,"6":0,"7":1,"8":1,"9":0,"10":0,"11":0,"12":0,"13":0,"14":0,"15":0,"16":1,"17":1,"18":3,"19":3,"20":3,"21":2,"22":1,"23":1,"24":1,"25":1,"26":1,"27":1,"28":1},"f":{"0":0,"1":0,"2":0,"3":0,"4":3},"b":{"0":[0],"1":[1]}}
,"C:\\Users\\luisn\\Desktop\\NodeJs\\cashtrackr\\backend\\src\\models\\Budget.ts": {"path":"C:\\Users\\luisn\\Desktop\\NodeJs\\cashtrackr\\backend\\src\\models\\Budget.ts","statementMap":{"0":{"start":{"line":1,"column":0},"end":{"line":1,"column":null}},"1":{"start":{"line":11,"column":0},"end":{"line":11,"column":32}},"2":{"start":{"line":12,"column":0},"end":{"line":12,"column":26}},"3":{"start":{"line":17,"column":0},"end":{"line":41,"column":null}},"4":{"start":{"line":22,"column":10},"end":{"line":22,"column":null}},"5":{"start":{"line":28,"column":10},"end":{"line":28,"column":null}},"6":{"start":{"line":34,"column":10},"end":{"line":34,"column":null}},"7":{"start":{"line":30,"column":17},"end":{"line":30,"column":24}},"8":{"start":{"line":37,"column":10},"end":{"line":37,"column":null}},"9":{"start":{"line":36,"column":20},"end":{"line":36,"column":24}},"10":{"start":{"line":40,"column":10},"end":{"line":40,"column":null}},"11":{"start":{"line":39,"column":19},"end":{"line":39,"column":23}},"12":{"start":{"line":17,"column":6},"end":{"line":41,"column":null}},"13":{"start":{"line":43,"column":0},"end":{"line":43,"column":22}}},"fnMap":{"0":{"name":"(anonymous_3)","decl":{"start":{"line":30,"column":11},"end":{"line":30,"column":14}},"loc":{"start":{"line":30,"column":17},"end":{"line":30,"column":24}}},"1":{"name":"(anonymous_4)","decl":{"start":{"line":36,"column":14},"end":{"line":36,"column":17}},"loc":{"start":{"line":36,"column":20},"end":{"line":36,"column":24}}},"2":{"name":"(anonymous_5)","decl":{"start":{"line":39,"column":13},"end":{"line":39,"column":16}},"loc":{"start":{"line":39,"column":19},"end":{"line":39,"column":23}}}},"branchMap":{},"s":{"0":2,"1":2,"2":2,"3":2,"4":2,"5":2,"6":2,"7":0,"8":2,"9":0,"10":2,"11":0,"12":2,"13":2},"f":{"0":0,"1":0,"2":0},"b":{}}
,"C:\\Users\\luisn\\Desktop\\NodeJs\\cashtrackr\\backend\\src\\models\\Expense.ts": {"path":"C:\\Users\\luisn\\Desktop\\NodeJs\\cashtrackr\\backend\\src\\models\\Expense.ts","statementMap":{"0":{"start":{"line":1,"column":0},"end":{"line":1,"column":null}},"1":{"start":{"line":10,"column":0},"end":{"line":10,"column":30}},"2":{"start":{"line":15,"column":0},"end":{"line":33,"column":null}},"3":{"start":{"line":20,"column":10},"end":{"line":20,"column":null}},"4":{"start":{"line":26,"column":10},"end":{"line":26,"column":null}},"5":{"start":{"line":29,"column":10},"end":{"line":29,"column":null}},"6":{"start":{"line":28,"column":20},"end":{"line":28,"column":26}},"7":{"start":{"line":32,"column":10},"end":{"line":32,"column":null}},"8":{"start":{"line":31,"column":19},"end":{"line":31,"column":25}},"9":{"start":{"line":15,"column":6},"end":{"line":33,"column":null}},"10":{"start":{"line":35,"column":0},"end":{"line":35,"column":23}}},"fnMap":{"0":{"name":"(anonymous_3)","decl":{"start":{"line":28,"column":14},"end":{"line":28,"column":17}},"loc":{"start":{"line":28,"column":20},"end":{"line":28,"column":26}}},"1":{"name":"(anonymous_4)","decl":{"start":{"line":31,"column":13},"end":{"line":31,"column":16}},"loc":{"start":{"line":31,"column":19},"end":{"line":31,"column":25}}}},"branchMap":{},"s":{"0":2,"1":2,"2":2,"3":2,"4":2,"5":2,"6":0,"7":2,"8":0,"9":2,"10":2},"f":{"0":0,"1":0},"b":{}}
,"C:\\Users\\luisn\\Desktop\\NodeJs\\cashtrackr\\backend\\src\\models\\User.ts": {"path":"C:\\Users\\luisn\\Desktop\\NodeJs\\cashtrackr\\backend\\src\\models\\User.ts","statementMap":{"0":{"start":{"line":1,"column":0},"end":{"line":1,"column":null}},"1":{"start":{"line":11,"column":0},"end":{"line":11,"column":30}},"2":{"start":{"line":16,"column":0},"end":{"line":52,"column":null}},"3":{"start":{"line":21,"column":10},"end":{"line":21,"column":null}},"4":{"start":{"line":27,"column":10},"end":{"line":27,"column":null}},"5":{"start":{"line":34,"column":10},"end":{"line":34,"column":null}},"6":{"start":{"line":39,"column":10},"end":{"line":39,"column":null}},"7":{"start":{"line":45,"column":10},"end":{"line":45,"column":null}},"8":{"start":{"line":51,"column":10},"end":{"line":51,"column":null}},"9":{"start":{"line":47,"column":17},"end":{"line":47,"column":23}},"10":{"start":{"line":16,"column":6},"end":{"line":52,"column":null}},"11":{"start":{"line":54,"column":0},"end":{"line":54,"column":20}}},"fnMap":{"0":{"name":"(anonymous_3)","decl":{"start":{"line":47,"column":11},"end":{"line":47,"column":14}},"loc":{"start":{"line":47,"column":17},"end":{"line":47,"column":23}}}},"branchMap":{},"s":{"0":2,"1":2,"2":2,"3":2,"4":2,"5":2,"6":2,"7":2,"8":2,"9":0,"10":2,"11":2},"f":{"0":0},"b":{}}
,"C:\\Users\\luisn\\Desktop\\NodeJs\\cashtrackr\\backend\\src\\test\\moks\\budget.ts": {"path":"C:\\Users\\luisn\\Desktop\\NodeJs\\cashtrackr\\backend\\src\\test\\moks\\budget.ts","statementMap":{"0":{"start":{"line":1,"column":13},"end":{"line":71,"column":2}}},"fnMap":{},"branchMap":{},"s":{"0":3},"f":{},"b":{}}
,"C:\\Users\\luisn\\Desktop\\NodeJs\\cashtrackr\\backend\\src\\test\\moks\\expenses.ts": {"path":"C:\\Users\\luisn\\Desktop\\NodeJs\\cashtrackr\\backend\\src\\test\\moks\\expenses.ts","statementMap":{"0":{"start":{"line":1,"column":13},"end":{"line":26,"column":2}}},"fnMap":{},"branchMap":{},"s":{"0":2},"f":{},"b":{}}
,"C:\\Users\\luisn\\Desktop\\NodeJs\\cashtrackr\\backend\\src\\util\\auth.ts": {"path":"C:\\Users\\luisn\\Desktop\\NodeJs\\cashtrackr\\backend\\src\\util\\auth.ts","statementMap":{"0":{"start":{"line":1,"column":0},"end":{"line":1,"column":28}},"1":{"start":{"line":4,"column":27},"end":{"line":8,"column":1}},"2":{"start":{"line":5,"column":15},"end":{"line":5,"column":39}},"3":{"start":{"line":7,"column":2},"end":{"line":7,"column":43}},"4":{"start":{"line":4,"column":13},"end":{"line":4,"column":27}},"5":{"start":{"line":10,"column":29},"end":{"line":12,"column":1}},"6":{"start":{"line":11,"column":2},"end":{"line":11,"column":54}},"7":{"start":{"line":10,"column":13},"end":{"line":10,"column":29}}},"fnMap":{"0":{"name":"(anonymous_1)","decl":{"start":{"line":4,"column":27},"end":{"line":4,"column":32}},"loc":{"start":{"line":4,"column":54},"end":{"line":8,"column":1}}},"1":{"name":"(anonymous_2)","decl":{"start":{"line":10,"column":29},"end":{"line":10,"column":34}},"loc":{"start":{"line":10,"column":78},"end":{"line":12,"column":1}}}},"branchMap":{},"s":{"0":1,"1":1,"2":0,"3":0,"4":1,"5":1,"6":0,"7":1},"f":{"0":0,"1":0},"b":{}}
,"C:\\Users\\luisn\\Desktop\\NodeJs\\cashtrackr\\backend\\src\\util\\jwt.ts": {"path":"C:\\Users\\luisn\\Desktop\\NodeJs\\cashtrackr\\backend\\src\\util\\jwt.ts","statementMap":{"0":{"start":{"line":1,"column":0},"end":{"line":1,"column":31}},"1":{"start":{"line":3,"column":27},"end":{"line":9,"column":1}},"2":{"start":{"line":4,"column":16},"end":{"line":6,"column":4}},"3":{"start":{"line":8,"column":2},"end":{"line":8,"column":15}},"4":{"start":{"line":3,"column":13},"end":{"line":3,"column":27}}},"fnMap":{"0":{"name":"(anonymous_1)","decl":{"start":{"line":3,"column":27},"end":{"line":3,"column":28}},"loc":{"start":{"line":3,"column":50},"end":{"line":9,"column":1}}}},"branchMap":{},"s":{"0":1,"1":1,"2":0,"3":0,"4":1},"f":{"0":0},"b":{}}
,"C:\\Users\\luisn\\Desktop\\NodeJs\\cashtrackr\\backend\\src\\util\\token.ts": {"path":"C:\\Users\\luisn\\Desktop\\NodeJs\\cashtrackr\\backend\\src\\util\\token.ts","statementMap":{"0":{"start":{"line":1,"column":29},"end":{"line":2,"column":56}},"1":{"start":{"line":2,"column":2},"end":{"line":2,"column":56}},"2":{"start":{"line":1,"column":13},"end":{"line":1,"column":29}}},"fnMap":{"0":{"name":"(anonymous_0)","decl":{"start":{"line":1,"column":29},"end":{"line":1,"column":32}},"loc":{"start":{"line":2,"column":2},"end":{"line":2,"column":56}}}},"branchMap":{},"s":{"0":1,"1":0,"2":1},"f":{"0":0},"b":{}}
}
