TN:
SF:src\config\nodemailer.ts
FN:14,(anonymous_1)
FNF:1
FNH:1
FNDA:1,(anonymous_1)
DA:1,1
DA:2,1
DA:3,1
DA:14,1
DA:15,1
DA:25,1
LF:6
LH:6
BRF:0
BRH:0
end_of_record
TN:
SF:src\controllers\AuthController.ts
FN:9,(anonymous_1)
FN:44,(anonymous_2)
FN:66,(anonymous_3)
FN:102,(anonymous_4)
FN:128,(anonymous_5)
FN:144,(anonymous_6)
FN:168,(anonymous_7)
FN:172,(anonymous_8)
FN:199,(anonymous_9)
FNF:9
FNH:2
FNDA:2,(anonymous_1)
FNDA:0,(anonymous_2)
FNDA:4,(anonymous_3)
FNDA:0,(anonymous_4)
FNDA:0,(anonymous_5)
FNDA:0,(anonymous_6)
FNDA:0,(anonymous_7)
FNDA:0,(anonymous_8)
FNDA:0,(anonymous_9)
DA:2,1
DA:3,1
DA:4,1
DA:5,1
DA:6,1
DA:8,1
DA:9,1
DA:10,2
DA:12,2
DA:14,2
DA:15,1
DA:17,1
DA:19,1
DA:22,1
DA:23,1
DA:25,1
DA:27,1
DA:29,1
DA:31,1
DA:37,1
DA:39,0
DA:40,0
DA:44,1
DA:45,0
DA:47,0
DA:49,0
DA:50,0
DA:52,0
DA:54,0
DA:57,0
DA:59,0
DA:61,0
DA:63,0
DA:66,1
DA:67,4
DA:69,4
DA:71,4
DA:72,1
DA:74,1
DA:76,1
DA:79,3
DA:80,1
DA:82,1
DA:84,1
DA:87,2
DA:89,2
DA:90,1
DA:92,1
DA:94,1
DA:97,1
DA:99,1
DA:102,1
DA:103,0
DA:105,0
DA:107,0
DA:108,0
DA:110,0
DA:112,0
DA:115,0
DA:117,0
DA:119,0
DA:125,0
DA:128,1
DA:129,0
DA:131,0
DA:133,0
DA:134,0
DA:136,0
DA:138,0
DA:141,0
DA:144,1
DA:145,0
DA:147,0
DA:149,0
DA:151,0
DA:152,0
DA:154,0
DA:156,0
DA:159,0
DA:161,0
DA:163,0
DA:165,0
DA:168,1
DA:169,0
DA:172,1
DA:173,0
DA:175,0
DA:177,0
DA:179,0
DA:184,0
DA:185,0
DA:187,0
DA:189,0
DA:192,0
DA:194,0
DA:196,0
DA:199,1
DA:200,0
DA:202,0
DA:204,0
DA:206,0
DA:208,0
DA:209,0
DA:211,0
DA:213,0
DA:216,0
LF:106
LH:45
BRDA:14,0,0,1
BRDA:49,1,0,0
BRDA:71,2,0,1
BRDA:79,3,0,1
BRDA:89,4,0,1
BRDA:107,5,0,0
BRDA:133,6,0,0
BRDA:151,7,0,0
BRDA:184,8,0,0
BRDA:208,9,0,0
BRF:10
BRH:4
end_of_record
TN:
SF:src\controllers\BudgetController.ts
FN:6,(anonymous_1)
FN:20,(anonymous_2)
FN:35,(anonymous_3)
FN:43,(anonymous_4)
FN:49,(anonymous_5)
FNF:5
FNH:5
FNDA:4,(anonymous_1)
FNDA:2,(anonymous_2)
FNDA:3,(anonymous_3)
FNDA:1,(anonymous_4)
FNDA:1,(anonymous_5)
DA:2,1
DA:3,1
DA:5,1
DA:6,1
DA:7,4
DA:8,4
DA:13,3
DA:16,1
DA:20,1
DA:21,2
DA:22,2
DA:24,1
DA:26,1
DA:28,1
DA:31,1
DA:35,1
DA:36,3
DA:40,3
DA:43,1
DA:44,1
DA:46,1
DA:49,1
DA:50,1
DA:52,1
LF:24
LH:24
BRF:0
BRH:0
end_of_record
TN:
SF:src\controllers\ExpenseController.ts
FN:5,(anonymous_1)
FN:7,(anonymous_2)
FN:21,(anonymous_3)
FN:25,(anonymous_4)
FN:31,(anonymous_5)
FNF:5
FNH:4
FNDA:0,(anonymous_1)
FNDA:2,(anonymous_2)
FNDA:1,(anonymous_3)
FNDA:1,(anonymous_4)
FNDA:1,(anonymous_5)
DA:2,1
DA:4,1
DA:5,1
DA:7,1
DA:8,2
DA:9,2
DA:11,1
DA:13,1
DA:15,1
DA:17,1
DA:21,1
DA:22,1
DA:25,1
DA:26,1
DA:28,1
DA:31,1
DA:32,1
DA:34,1
LF:18
LH:18
BRF:0
BRH:0
end_of_record
TN:
SF:src\emails\AuthEmail.ts
FN:10,(anonymous_0)
FN:25,(anonymous_1)
FNF:2
FNH:0
FNDA:0,(anonymous_0)
FNDA:0,(anonymous_1)
DA:1,1
DA:9,1
DA:10,1
DA:11,0
DA:22,0
DA:25,1
DA:26,0
DA:37,0
LF:8
LH:4
BRF:0
BRH:0
end_of_record
TN:
SF:src\middleware\budget.ts
FN:14,(anonymous_1)
FN:22,(anonymous_2)
FN:36,(anonymous_3)
FN:62,(anonymous_4)
FN:77,(anonymous_5)
FN:84,hasAccess
FNF:6
FNH:2
FNDA:0,(anonymous_1)
FNDA:0,(anonymous_2)
FNDA:3,(anonymous_3)
FNDA:0,(anonymous_4)
FNDA:0,(anonymous_5)
FNDA:3,hasAccess
DA:2,2
DA:4,2
DA:14,2
DA:19,0
DA:22,0
DA:26,0
DA:28,0
DA:29,0
DA:31,0
DA:33,0
DA:36,2
DA:41,3
DA:42,3
DA:43,3
DA:45,2
DA:46,1
DA:48,1
DA:50,1
DA:53,1
DA:55,1
DA:58,1
DA:62,2
DA:67,0
DA:72,0
DA:77,0
DA:81,0
DA:84,2
DA:85,3
DA:86,2
DA:88,2
DA:90,2
DA:93,1
LF:32
LH:21
BRDA:28,0,0,0
BRDA:45,1,0,1
BRDA:85,2,0,2
BRF:3
BRH:2
end_of_record
TN:
SF:src\middleware\expense.ts
FN:13,(anonymous_1)
FN:28,(anonymous_2)
FN:35,(anonymous_3)
FN:42,(anonymous_4)
FN:56,(anonymous_5)
FNF:5
FNH:1
FNDA:0,(anonymous_1)
FNDA:0,(anonymous_2)
FNDA:0,(anonymous_3)
FNDA:0,(anonymous_4)
FNDA:3,(anonymous_5)
DA:2,1
DA:3,1
DA:13,1
DA:18,0
DA:23,0
DA:28,0
DA:32,0
DA:35,1
DA:40,0
DA:42,0
DA:46,0
DA:48,0
DA:49,0
DA:51,0
DA:53,0
DA:56,1
DA:61,3
DA:62,3
DA:63,3
DA:65,2
DA:66,1
DA:68,1
DA:70,1
DA:73,1
DA:75,1
DA:78,1
LF:26
LH:15
BRDA:48,0,0,0
BRDA:65,1,0,1
BRF:2
BRH:1
end_of_record
TN:
SF:src\models\Budget.ts
FN:30,(anonymous_3)
FN:36,(anonymous_4)
FN:39,(anonymous_5)
FNF:3
FNH:0
FNDA:0,(anonymous_3)
FNDA:0,(anonymous_4)
FNDA:0,(anonymous_5)
DA:1,2
DA:11,2
DA:12,2
DA:17,2
DA:22,2
DA:28,2
DA:30,0
DA:34,2
DA:36,0
DA:37,2
DA:39,0
DA:40,2
DA:43,2
LF:13
LH:10
BRF:0
BRH:0
end_of_record
TN:
SF:src\models\Expense.ts
FN:28,(anonymous_3)
FN:31,(anonymous_4)
FNF:2
FNH:0
FNDA:0,(anonymous_3)
FNDA:0,(anonymous_4)
DA:1,2
DA:10,2
DA:15,2
DA:20,2
DA:26,2
DA:28,0
DA:29,2
DA:31,0
DA:32,2
DA:35,2
LF:10
LH:8
BRF:0
BRH:0
end_of_record
TN:
SF:src\models\User.ts
FN:47,(anonymous_3)
FNF:1
FNH:0
FNDA:0,(anonymous_3)
DA:1,2
DA:11,2
DA:16,2
DA:21,2
DA:27,2
DA:34,2
DA:39,2
DA:45,2
DA:47,0
DA:51,2
DA:54,2
LF:11
LH:10
BRF:0
BRH:0
end_of_record
TN:
SF:src\test\moks\budget.ts
FNF:0
FNH:0
DA:1,3
LF:1
LH:1
BRF:0
BRH:0
end_of_record
TN:
SF:src\test\moks\expenses.ts
FNF:0
FNH:0
DA:1,2
LF:1
LH:1
BRF:0
BRH:0
end_of_record
TN:
SF:src\util\auth.ts
FN:4,(anonymous_1)
FN:10,(anonymous_2)
FNF:2
FNH:0
FNDA:0,(anonymous_1)
FNDA:0,(anonymous_2)
DA:1,1
DA:4,1
DA:5,0
DA:7,0
DA:10,1
DA:11,0
LF:6
LH:3
BRF:0
BRH:0
end_of_record
TN:
SF:src\util\jwt.ts
FN:3,(anonymous_1)
FNF:1
FNH:0
FNDA:0,(anonymous_1)
DA:1,1
DA:3,1
DA:4,0
DA:8,0
LF:4
LH:2
BRF:0
BRH:0
end_of_record
TN:
SF:src\util\token.ts
FN:1,(anonymous_0)
FNF:1
FNH:0
FNDA:0,(anonymous_0)
DA:1,1
DA:2,0
LF:2
LH:1
BRF:0
BRH:0
end_of_record
